Strip Layer — DSD V4 — Wed Feb 11 11:16:15 MST 2026

EXPORT: WhatsAppButton.tsx → src/modules/whatsapp-button/components/WhatsAppButton.tsx (action: STRIP_AND_REPLACE)
EXPORT: Footer.tsx → src/modules/footer/components/Footer.tsx (action: REPLACE_DESIGN_ONLY)
EXPORT: Newsletter.tsx → src/modules/newsletter/components/Newsletter.tsx (action: STRIP_AND_REPLACE)
EXPORT: Header.tsx → src/modules/header/components/Header.tsx (action: REPLACE_DESIGN_ONLY)
CONVERTED: AboutUs.tsx → src/modules/content-pages/components/AboutUs.tsx
DESIGN_ONLY: AccountDashboard.tsx → src/modules/customer-account/components/AccountDashboard.tsx
DESIGN_ONLY: AddressModal.tsx → src/modules/customer-account/components/AddressModal.tsx
DESIGN_ONLY: AddressesPage.tsx → src/modules/customer-account/components/AddressesPage.tsx
CONVERTED: AnimatedSection.tsx → src/components/shared/AnimatedSection.tsx
CONVERTED: AppointmentPage.tsx → src/modules/content-pages/components/AppointmentPage.tsx
CONVERTED: BlogPage.tsx → src/modules/content-pages/components/BlogPage.tsx
CONVERTED: Breadcrumbs.tsx → src/components/shared/Breadcrumbs.tsx
DESIGN_ONLY: CartDrawer.tsx → src/modules/cart/components/CartDrawer.tsx
DESIGN_ONLY: CartPage.tsx → src/modules/cart/components/CartPage.tsx
CONVERTED: ChatWidget.tsx → src/modules/chat-widget/components/ChatWidget.tsx
DESIGN_ONLY: CheckoutPage.tsx → src/modules/checkout/components/CheckoutPage.tsx
CONVERTED: ConfirmModal.tsx → src/components/shared/ConfirmModal.tsx
CONVERTED: CookieConsent.tsx → src/components/shared/CookieConsent.tsx
CONVERTED: CookiePolicy.tsx → app/(main)/cookies/page.tsx
CONVERTED: ErrorBoundary.tsx → src/components/shared/ErrorBoundary.tsx
CONVERTED: FAQPage.tsx → src/modules/content-pages/components/FAQPage.tsx
CONVERTED: FinancingCalculator.tsx → src/modules/financing-calculator/components/FinancingCalculator.tsx
LAYOUT_GLOBAL: Footer.tsx → src/modules/footer/components/Footer.tsx
LAYOUT_GLOBAL: Header.tsx → src/modules/header/components/Header.tsx
CONVERTED: LandingPage.tsx → src/modules/landing/components/LandingPage.tsx
CONVERTED: LoadingScreen.tsx → src/components/shared/LoadingScreen.tsx
DESIGN_ONLY: LoginPage.tsx → src/modules/customer-account/components/LoginPage.tsx
CONVERTED: MetaTags.tsx → src/components/shared/MetaTags.tsx
CONVERTED: MissionVision.tsx → src/modules/content-pages/components/MissionVision.tsx
CONVERTED: Newsletter.tsx → src/modules/newsletter/components/Newsletter.tsx
DESIGN_ONLY: OrderConfirmationPage.tsx → src/modules/checkout/components/OrderConfirmationPage.tsx
DESIGN_ONLY: OrderDetailPage.tsx → src/modules/customer-account/components/OrderDetailPage.tsx
DESIGN_ONLY: OrdersPage.tsx → src/modules/customer-account/components/OrdersPage.tsx
DESIGN_ONLY: PaymentPage.tsx → src/modules/checkout/components/PaymentPage.tsx
CONVERTED: PrivacyPolicy.tsx → app/(main)/privacy/page.tsx
DESIGN_ONLY: ProductCatalog.tsx → src/modules/product/components/ProductCatalog.tsx
CONVERTED: ProductComparison.tsx → src/modules/product-comparison/components/ProductComparison.tsx
DESIGN_ONLY: ProductDetail.tsx → src/modules/product/components/ProductDetail.tsx
CONVERTED: ProductReviews.tsx → src/modules/product-reviews/components/ProductReviews.tsx
DESIGN_ONLY: ProductSearch.tsx → src/modules/product/components/ProductSearch.tsx
CONVERTED: ProjectGalleryPage.tsx → src/modules/content-pages/components/ProjectGalleryPage.tsx
DESIGN_ONLY: RegisterPage.tsx → src/modules/customer-account/components/RegisterPage.tsx
CONVERTED: ScrollToTop.tsx → src/components/shared/ScrollToTop.tsx
CONVERTED: SkeletonLoader.tsx → src/components/shared/SkeletonLoader.tsx
CONVERTED: TermsAndConditions.tsx → app/(main)/terms/page.tsx
CONVERTED: Toast.tsx → src/components/shared/Toast.tsx
CONVERTED: ToastContainer.tsx → src/components/shared/ToastContainer.tsx
CONVERTED: WhatsAppButton.tsx → src/modules/whatsapp-button/components/WhatsAppButton.tsx
DESIGN_ONLY: WishlistPage.tsx → src/modules/customer-account/components/WishlistPage.tsx
MODULE: WhatsAppButton.tsx
MODULE: ProductComparison.tsx
MODULE: SettingsModule.tsx
MODULE: ProductReviews.tsx
MODULE: FinancingCalculator.tsx
MODULE: Newsletter.tsx
PAGE: Certifications.tsx
PAGE: Team.tsx
PAGE: Timeline.tsx
